<?xml version="1.0" encoding="UTF-8"?>
<!-- Generated by org.testng.reporters.JUnitXMLReporter -->
<testsuite ignored="0" hostname="rupesh-laptop" failures="3" tests="7" name="ChromeTest" time="68.406" errors="0" timestamp="2024-10-08T19:36:11 IST">
  <testcase classname="testCases.TC01_AccountRegistration" name="VerifyAccountRegistration" time="2.605"/>
  <testcase classname="testCases.TC03_loginDDTest" name="testLoginDDT" time="11.447">
    <failure type="java.lang.AssertionError" message="null">
      <![CDATA[java.lang.AssertionError: null
at testCases.TC03_loginDDTest.testLoginDDT(TC03_loginDDTest.java:77)
at java.base/java.util.ArrayList.forEach(ArrayList.java:1596)
... Removed 27 stack frames]]>
    </failure>
  </testcase> <!-- testLoginDDT -->
  <testcase classname="testCases.TC03_loginDDTest" name="testLoginDDT" time="3.305"/>
  <testcase classname="testCases.TC03_loginDDTest" name="testLoginDDT" time="3.13"/>
  <testcase classname="testCases.TC03_loginDDTest" name="testLoginDDT" time="13.471">
    <failure type="java.lang.AssertionError" message="null">
      <![CDATA[java.lang.AssertionError: null
at testCases.TC03_loginDDTest.testLoginDDT(TC03_loginDDTest.java:77)
at java.base/java.util.ArrayList.forEach(ArrayList.java:1596)
... Removed 27 stack frames]]>
    </failure>
  </testcase> <!-- testLoginDDT -->
  <testcase classname="testCases.TC03_loginDDTest" name="testLoginDDT" time="3.248"/>
  <testcase classname="testCases.TC03_loginDDTest" name="testLoginDDT" time="11.27">
    <failure type="java.lang.AssertionError" message="null">
      <![CDATA[java.lang.AssertionError: null
at testCases.TC03_loginDDTest.testLoginDDT(TC03_loginDDTest.java:77)
at java.base/java.util.ArrayList.forEach(ArrayList.java:1596)
... Removed 27 stack frames]]>
    </failure>
  </testcase> <!-- testLoginDDT -->
</testsuite> <!-- ChromeTest -->
