<?xml version="1.0" encoding="UTF-8"?>
<!-- Generated by org.testng.reporters.JUnitXMLReporter -->
<testsuite ignored="0" hostname="rupesh-laptop" failures="3" tests="7" name="ChromeTest" time="61.024" errors="0" timestamp="2024-11-12T17:26:31 IST">
  <testcase classname="testCases.TC01_AccountRegistration" name="VerifyAccountRegistration" time="2.36"/>
  <testcase classname="testCases.TC03_loginDDTest" name="testLoginDDT" time="11.365">
    <failure type="java.lang.AssertionError" message="null">
      <![CDATA[java.lang.AssertionError: null
at testCases.TC03_loginDDTest.testLoginDDT(TC03_loginDDTest.java:77)
at java.base/java.util.ArrayList.forEach(ArrayList.java:1596)
... Removed 31 stack frames]]>
    </failure>
  </testcase> <!-- testLoginDDT -->
  <testcase classname="testCases.TC03_loginDDTest" name="testLoginDDT" time="3.227"/>
  <testcase classname="testCases.TC03_loginDDTest" name="testLoginDDT" time="2.394"/>
  <testcase classname="testCases.TC03_loginDDTest" name="testLoginDDT" time="11.189">
    <failure type="java.lang.AssertionError" message="null">
      <![CDATA[java.lang.AssertionError: null
at testCases.TC03_loginDDTest.testLoginDDT(TC03_loginDDTest.java:77)
at java.base/java.util.ArrayList.forEach(ArrayList.java:1596)
... Removed 31 stack frames]]>
    </failure>
  </testcase> <!-- testLoginDDT -->
  <testcase classname="testCases.TC03_loginDDTest" name="testLoginDDT" time="2.576"/>
  <testcase classname="testCases.TC03_loginDDTest" name="testLoginDDT" time="11.239">
    <failure type="java.lang.AssertionError" message="null">
      <![CDATA[java.lang.AssertionError: null
at testCases.TC03_loginDDTest.testLoginDDT(TC03_loginDDTest.java:77)
at java.base/java.util.ArrayList.forEach(ArrayList.java:1596)
... Removed 31 stack frames]]>
    </failure>
  </testcase> <!-- testLoginDDT -->
</testsuite> <!-- ChromeTest -->
