<?xml version="1.0" encoding="UTF-8"?>
<testng-results ignored="0" total="2" passed="2" failed="0" skipped="0">
  <reporter-output>
  </reporter-output>
  <suite started-at="2024-11-12T18:37:03 IST" name="Suite" finished-at="2024-11-12T18:37:16 IST" duration-ms="13305">
    <groups>
      <group name="Master">
        <method signature="TC01_AccountRegistration.VerifyAccountRegistration()[pri:0, instance:testCases.TC01_AccountRegistration@45815ffc]" name="VerifyAccountRegistration" class="testCases.TC01_AccountRegistration"/>
        <method signature="TC02_loginTest.testLogin()[pri:0, instance:testCases.TC02_loginTest@64ba3208]" name="testLogin" class="testCases.TC02_loginTest"/>
      </group> <!-- Master -->
      <group name="Sanity">
        <method signature="TC01_AccountRegistration.VerifyAccountRegistration()[pri:0, instance:testCases.TC01_AccountRegistration@45815ffc]" name="VerifyAccountRegistration" class="testCases.TC01_AccountRegistration"/>
        <method signature="TC02_loginTest.testLogin()[pri:0, instance:testCases.TC02_loginTest@64ba3208]" name="testLogin" class="testCases.TC02_loginTest"/>
      </group> <!-- Sanity -->
    </groups>
    <test started-at="2024-11-12T18:37:03 IST" name="ChromeTest" finished-at="2024-11-12T18:37:16 IST" duration-ms="13305">
      <class name="testCases.TC01_AccountRegistration">
        <test-method is-config="true" signature="setup(java.lang.String,java.lang.String)[pri:0, instance:testCases.TC01_AccountRegistration@45815ffc]" started-at="2024-11-12T18:37:03 IST" name="setup" finished-at="2024-11-12T18:37:07 IST" duration-ms="3859" status="PASS">
          <params>
            <param index="0">
              <value>
                <![CDATA[windows]]>
              </value>
            </param>
            <param index="1">
              <value>
                <![CDATA[chrome]]>
              </value>
            </param>
          </params>
          <reporter-output>
          </reporter-output>
        </test-method> <!-- setup -->
        <test-method signature="VerifyAccountRegistration()[pri:0, instance:testCases.TC01_AccountRegistration@45815ffc]" started-at="2024-11-12T18:37:07 IST" name="VerifyAccountRegistration" finished-at="2024-11-12T18:37:09 IST" duration-ms="2261" status="PASS">
          <reporter-output>
          </reporter-output>
        </test-method> <!-- VerifyAccountRegistration -->
        <test-method is-config="true" signature="tearDown()[pri:0, instance:testCases.TC01_AccountRegistration@45815ffc]" started-at="2024-11-12T18:37:09 IST" name="tearDown" finished-at="2024-11-12T18:37:10 IST" duration-ms="190" status="PASS">
          <reporter-output>
          </reporter-output>
        </test-method> <!-- tearDown -->
      </class> <!-- testCases.TC01_AccountRegistration -->
      <class name="testCases.TC02_loginTest">
        <test-method is-config="true" signature="setup(java.lang.String,java.lang.String)[pri:0, instance:testCases.TC02_loginTest@64ba3208]" started-at="2024-11-12T18:37:10 IST" name="setup" finished-at="2024-11-12T18:37:13 IST" duration-ms="3628" status="PASS">
          <params>
            <param index="0">
              <value>
                <![CDATA[windows]]>
              </value>
            </param>
            <param index="1">
              <value>
                <![CDATA[chrome]]>
              </value>
            </param>
          </params>
          <reporter-output>
          </reporter-output>
        </test-method> <!-- setup -->
        <test-method signature="testLogin()[pri:0, instance:testCases.TC02_loginTest@64ba3208]" started-at="2024-11-12T18:37:13 IST" name="testLogin" finished-at="2024-11-12T18:37:16 IST" duration-ms="2980" status="PASS">
          <reporter-output>
          </reporter-output>
        </test-method> <!-- testLogin -->
        <test-method is-config="true" signature="tearDown()[pri:0, instance:testCases.TC02_loginTest@64ba3208]" started-at="2024-11-12T18:37:16 IST" name="tearDown" finished-at="2024-11-12T18:37:16 IST" duration-ms="150" status="PASS">
          <reporter-output>
          </reporter-output>
        </test-method> <!-- tearDown -->
      </class> <!-- testCases.TC02_loginTest -->
    </test> <!-- ChromeTest -->
  </suite> <!-- Suite -->
</testng-results>
